[INFO]	asctime:2019-02-03 17:26:50,284	module:views	message:started
[INFO]	asctime:2019-02-03 17:26:50,285	module:views	message:price: 
[INFO]	asctime:2019-02-03 17:26:50,285	module:views	message:price stop: 
[INFO]	asctime:2019-02-03 17:26:50,286	module:views	message:start_am: 0.0004
[INFO]	asctime:2019-02-03 19:25:54,562	module:update_order_status	message:update_order_status started
[INFO]	asctime:2019-02-03 19:26:01,408	module:update_order_status	message:update_order_status started
[INFO]	asctime:2019-02-03 19:26:54,095	module:update_order_status	message:update_order_status started
[INFO]	asctime:2019-02-03 19:26:56,473	module:update_order_status	message:update_order_status completed
[INFO]	asctime:2019-02-03 19:27:01,173	module:update_order_status	message:update_order_status started
[INFO]	asctime:2019-02-03 19:27:01,209	module:update_order_status	message:update_order_status completed
[INFO]	asctime:2019-02-03 19:28:01,009	module:update_order_status	message:update_order_status started
[INFO]	asctime:2019-02-03 19:28:01,036	module:update_order_status	message:update_order_status completed
[INFO]	asctime:2019-02-03 19:31:01,477	module:update_order_status	message:started
[INFO]	asctime:2019-02-03 19:31:01,503	module:update_order_status	message:completed
[INFO]	asctime:2019-02-03 19:32:01,679	module:update_order_status	message:started
[INFO]	asctime:2019-02-03 19:32:01,708	module:update_order_status	message:completed
[INFO]	asctime:2019-02-03 19:33:01,782	module:update_order_status	message:started
[INFO]	asctime:2019-02-03 19:33:01,807	module:update_order_status	message:completed
[INFO]	asctime:2019-02-03 19:34:01,712	module:update_order_status	message:started
[INFO]	asctime:2019-02-03 19:34:01,746	module:update_order_status	message:completed
[INFO]	asctime:2019-02-03 19:35:01,504	module:update_order_status	message:started
[INFO]	asctime:2019-02-03 19:35:01,529	module:update_order_status	message:completed
[INFO]	asctime:2019-02-03 19:36:03,647	module:update_order_status	message:started
[INFO]	asctime:2019-02-03 19:36:03,681	module:update_order_status	message:completed
[INFO]	asctime:2019-02-03 19:37:03,078	module:update_order_status	message:started
[INFO]	asctime:2019-02-03 19:37:03,911	module:update_order_status	message:completed
[INFO]	asctime:2019-02-03 19:38:02,495	module:update_order_status	message:started
[INFO]	asctime:2019-02-03 19:38:02,530	module:update_order_status	message:completed
[INFO]	asctime:2019-02-03 19:39:03,093	module:update_order_status	message:started
[INFO]	asctime:2019-02-03 19:39:03,258	module:update_order_status	message:completed
[INFO]	asctime:2019-02-03 19:40:01,041	module:update_order_status	message:started
[INFO]	asctime:2019-02-03 19:41:01,847	module:update_order_status	message:started
[INFO]	asctime:2019-02-03 19:42:01,944	module:update_order_status	message:started
[INFO]	asctime:2019-02-03 19:43:00,741	module:update_order_status	message:started
[INFO]	asctime:2019-02-03 19:44:01,545	module:update_order_status	message:started
[INFO]	asctime:2019-02-03 19:45:01,664	module:update_order_status	message:started
[INFO]	asctime:2019-02-03 19:46:03,015	module:update_order_status	message:started
[INFO]	asctime:2019-02-03 19:47:00,881	module:update_order_status	message:started
[INFO]	asctime:2019-02-03 19:48:01,668	module:update_order_status	message:started
[INFO]	asctime:2019-02-03 19:49:01,138	module:update_order_status	message:started
[INFO]	asctime:2019-02-03 19:50:02,192	module:update_order_status	message:started
[INFO]	asctime:2019-02-03 19:51:00,927	module:update_order_status	message:started
[INFO]	asctime:2019-02-03 19:52:01,650	module:update_order_status	message:started
[INFO]	asctime:2019-02-03 19:53:01,613	module:update_order_status	message:started
[INFO]	asctime:2019-02-03 19:54:01,501	module:update_order_status	message:started
[INFO]	asctime:2019-02-03 20:46:03,382	module:update_order_status	message:started
[INFO]	asctime:2019-02-03 20:46:18,755	module:update_order_status	message:started
[INFO]	asctime:2019-02-03 20:47:02,807	module:update_order_status	message:started
[INFO]	asctime:2019-02-03 20:48:02,259	module:update_order_status	message:started
[INFO]	asctime:2019-02-03 20:49:02,478	module:update_order_status	message:started
[INFO]	asctime:2019-02-03 20:50:02,852	module:update_order_status	message:started
[INFO]	asctime:2019-02-03 20:50:02,881	module:update_order_status	message:completed
[INFO]	asctime:2019-02-03 20:51:02,295	module:update_order_status	message:started
[INFO]	asctime:2019-02-03 20:51:02,323	module:update_order_status	message:completed
[INFO]	asctime:2019-02-03 20:52:01,176	module:update_order_status	message:started
[INFO]	asctime:2019-02-03 20:52:24,472	module:update_order_status	message:started
[INFO]	asctime:2019-02-03 20:53:02,040	module:update_order_status	message:started
[INFO]	asctime:2019-02-03 20:54:02,773	module:update_order_status	message:started
[INFO]	asctime:2019-02-03 20:55:01,458	module:update_order_status	message:started
[INFO]	asctime:2019-02-03 20:55:19,936	module:update_order_status	message:started
[INFO]	asctime:2019-02-03 20:56:01,182	module:update_order_status	message:started
[INFO]	asctime:2019-02-03 20:56:12,417	module:update_order_status	message:started
[INFO]	asctime:2019-02-03 20:56:54,792	module:update_order_status	message:started
[INFO]	asctime:2019-02-03 20:57:01,694	module:update_order_status	message:started
[INFO]	asctime:2019-02-03 20:57:08,699	module:update_order_status	message:started
[INFO]	asctime:2019-02-03 20:57:37,387	module:update_order_status	message:started
[ERROR]	asctime:2019-02-03 20:57:38,105	module:update_order_status	message:User:hoge@gmail.com Pair:   Order ids: <QuerySet ['554965330', '554966406']> Message: 
[ERROR]	asctime:2019-02-03 20:57:38,106	module:update_order_status	message:User:hoge@gmail.com Pair:   Order ids: <QuerySet ['554965330', '554966406']> Message: 
[INFO]	asctime:2019-02-03 20:57:38,121	module:update_order_status	message:completed
[INFO]	asctime:2019-02-03 20:58:01,322	module:update_order_status	message:started
[ERROR]	asctime:2019-02-03 20:58:02,030	module:update_order_status	message:User:hoge@gmail.com Pair:   Order ids: <QuerySet ['554965330', '554966406']> Message: 
[ERROR]	asctime:2019-02-03 20:58:02,031	module:update_order_status	message:User:hoge@gmail.com Pair:   Order ids: <QuerySet ['554965330', '554966406']> Message: 
[INFO]	asctime:2019-02-03 20:58:02,049	module:update_order_status	message:completed
[INFO]	asctime:2019-02-03 20:58:37,690	module:update_order_status	message:started
[ERROR]	asctime:2019-02-03 20:58:38,496	module:update_order_status	message:User:hoge@gmail.com Pair:btc_jpy Order ids: <QuerySet ['554965330', '554966406']> Message: ('context must be a dict rather than Context.',)
[ERROR]	asctime:2019-02-03 20:58:38,497	module:update_order_status	message:User:hoge@gmail.com Pair:btc_jpy Order ids: <QuerySet ['554965330', '554966406']> Message: ('context must be a dict rather than Context.',)
[INFO]	asctime:2019-02-03 20:58:38,517	module:update_order_status	message:completed
[INFO]	asctime:2019-02-03 20:59:00,831	module:update_order_status	message:started
[ERROR]	asctime:2019-02-03 20:59:01,678	module:update_order_status	message:User:hoge@gmail.com Pair:btc_jpy Order ids: <QuerySet ['554965330', '554966406']> Message: ('context must be a dict rather than Context.',)
[ERROR]	asctime:2019-02-03 20:59:01,679	module:update_order_status	message:User:hoge@gmail.com Pair:btc_jpy Order ids: <QuerySet ['554965330', '554966406']> Message: ('context must be a dict rather than Context.',)
[INFO]	asctime:2019-02-03 20:59:01,692	module:update_order_status	message:completed
[INFO]	asctime:2019-02-03 21:00:02,076	module:update_order_status	message:started
[ERROR]	asctime:2019-02-03 21:00:02,865	module:update_order_status	message:User:hoge@gmail.com Pair:btc_jpy Order ids: <QuerySet ['554965330', '554966406']> Message: ('context must be a dict rather than Context.',)
[ERROR]	asctime:2019-02-03 21:00:02,866	module:update_order_status	message:User:hoge@gmail.com Pair:btc_jpy Order ids: <QuerySet ['554965330', '554966406']> Message: ('context must be a dict rather than Context.',)
[INFO]	asctime:2019-02-03 21:00:02,879	module:update_order_status	message:completed
[INFO]	asctime:2019-02-03 21:01:01,684	module:update_order_status	message:started
[INFO]	asctime:2019-02-03 21:01:02,427	module:update_order_status	message:started
[ERROR]	asctime:2019-02-03 21:01:02,556	module:update_order_status	message:User:hoge@gmail.com Pair:btc_jpy Order ids: <QuerySet ['554965330', '554966406']> Message: ('Could not parse the remainder: \'("order_id")\' from \'order_dict.get("order_id")\'',)
[ERROR]	asctime:2019-02-03 21:01:02,557	module:update_order_status	message:User:hoge@gmail.com Pair:btc_jpy Order ids: <QuerySet ['554965330', '554966406']> Message: ('Could not parse the remainder: \'("order_id")\' from \'order_dict.get("order_id")\'',)
[INFO]	asctime:2019-02-03 21:01:02,570	module:update_order_status	message:completed
[ERROR]	asctime:2019-02-03 21:01:03,201	module:update_order_status	message:User:hoge@gmail.com Pair:btc_jpy Order ids: <QuerySet ['554965330', '554966406']> Message: ('Could not parse the remainder: \'("order_id")\' from \'order_dict.get("order_id")\'',)
[ERROR]	asctime:2019-02-03 21:01:03,203	module:update_order_status	message:User:hoge@gmail.com Pair:btc_jpy Order ids: <QuerySet ['554965330', '554966406']> Message: ('Could not parse the remainder: \'("order_id")\' from \'order_dict.get("order_id")\'',)
[INFO]	asctime:2019-02-03 21:01:03,216	module:update_order_status	message:completed
[INFO]	asctime:2019-02-03 21:02:03,169	module:update_order_status	message:started
[ERROR]	asctime:2019-02-03 21:02:04,123	module:update_order_status	message:User:hoge@gmail.com Pair:btc_jpy Order ids: <QuerySet ['554965330', '554966406']> Message: ('Could not parse the remainder: \'("order_id")\' from \'order_dict.get("order_id")\'',)
[ERROR]	asctime:2019-02-03 21:02:04,125	module:update_order_status	message:User:hoge@gmail.com Pair:btc_jpy Order ids: <QuerySet ['554965330', '554966406']> Message: ('Could not parse the remainder: \'("order_id")\' from \'order_dict.get("order_id")\'',)
[INFO]	asctime:2019-02-03 21:02:04,141	module:update_order_status	message:completed
[INFO]	asctime:2019-02-03 21:03:00,923	module:update_order_status	message:started
[ERROR]	asctime:2019-02-03 21:03:01,628	module:update_order_status	message:User:hoge@gmail.com Pair:btc_jpy Order ids: <QuerySet ['554965330', '554966406']> Message: ('Could not parse the remainder: \'("order_id")\' from \'order_dict.get("order_id")\'',)
[ERROR]	asctime:2019-02-03 21:03:01,630	module:update_order_status	message:User:hoge@gmail.com Pair:btc_jpy Order ids: <QuerySet ['554965330', '554966406']> Message: ('Could not parse the remainder: \'("order_id")\' from \'order_dict.get("order_id")\'',)
[INFO]	asctime:2019-02-03 21:03:01,643	module:update_order_status	message:completed
[INFO]	asctime:2019-02-03 21:04:01,424	module:update_order_status	message:started
[ERROR]	asctime:2019-02-03 21:04:02,219	module:update_order_status	message:User:hoge@gmail.com Pair:btc_jpy Order ids: <QuerySet ['554965330', '554966406']> Message: ('Could not parse the remainder: \'("order_id")\' from \'order_dict.get("order_id")\'',)
[ERROR]	asctime:2019-02-03 21:04:02,221	module:update_order_status	message:User:hoge@gmail.com Pair:btc_jpy Order ids: <QuerySet ['554965330', '554966406']> Message: ('Could not parse the remainder: \'("order_id")\' from \'order_dict.get("order_id")\'',)
[INFO]	asctime:2019-02-03 21:04:02,238	module:update_order_status	message:completed
[INFO]	asctime:2019-02-03 21:05:00,983	module:update_order_status	message:started
[ERROR]	asctime:2019-02-03 21:05:01,984	module:update_order_status	message:User:hoge@gmail.com Pair:btc_jpy Order ids: <QuerySet ['554965330', '554966406']> Message: ('Could not parse the remainder: \'("order_id")\' from \'order_dict.get("order_id")\'',)
[ERROR]	asctime:2019-02-03 21:05:01,986	module:update_order_status	message:User:hoge@gmail.com Pair:btc_jpy Order ids: <QuerySet ['554965330', '554966406']> Message: ('Could not parse the remainder: \'("order_id")\' from \'order_dict.get("order_id")\'',)
[INFO]	asctime:2019-02-03 21:05:01,998	module:update_order_status	message:completed
[INFO]	asctime:2019-02-03 21:05:50,397	module:update_order_status	message:started
[ERROR]	asctime:2019-02-03 21:05:51,225	module:update_order_status	message:User:hoge@gmail.com Pair:btc_jpy Order ids: <QuerySet ['554965330', '554966406']> Message: ('Could not parse the remainder: \'["order_id"]\' from \'order_dict["order_id"]\'',)
[ERROR]	asctime:2019-02-03 21:05:51,227	module:update_order_status	message:User:hoge@gmail.com Pair:btc_jpy Order ids: <QuerySet ['554965330', '554966406']> Message: ('Could not parse the remainder: \'["order_id"]\' from \'order_dict["order_id"]\'',)
[INFO]	asctime:2019-02-03 21:05:51,239	module:update_order_status	message:completed
[INFO]	asctime:2019-02-03 21:06:00,795	module:update_order_status	message:started
[ERROR]	asctime:2019-02-03 21:06:01,586	module:update_order_status	message:User:hoge@gmail.com Pair:btc_jpy Order ids: <QuerySet ['554965330', '554966406']> Message: ('Could not parse the remainder: \'["order_id"]\' from \'order_dict["order_id"]\'',)
[ERROR]	asctime:2019-02-03 21:06:01,587	module:update_order_status	message:User:hoge@gmail.com Pair:btc_jpy Order ids: <QuerySet ['554965330', '554966406']> Message: ('Could not parse the remainder: \'["order_id"]\' from \'order_dict["order_id"]\'',)
[INFO]	asctime:2019-02-03 21:06:01,600	module:update_order_status	message:completed
[INFO]	asctime:2019-02-03 21:07:01,365	module:update_order_status	message:started
[ERROR]	asctime:2019-02-03 21:07:02,202	module:update_order_status	message:User:hoge@gmail.com Pair:btc_jpy Order ids: <QuerySet ['554965330', '554966406']> Message: ('Could not parse the remainder: \'["order_id"]\' from \'order_dict["order_id"]\'',)
[ERROR]	asctime:2019-02-03 21:07:02,204	module:update_order_status	message:User:hoge@gmail.com Pair:btc_jpy Order ids: <QuerySet ['554965330', '554966406']> Message: ('Could not parse the remainder: \'["order_id"]\' from \'order_dict["order_id"]\'',)
[INFO]	asctime:2019-02-03 21:07:02,223	module:update_order_status	message:completed
[INFO]	asctime:2019-02-03 21:08:01,022	module:update_order_status	message:started
[ERROR]	asctime:2019-02-03 21:08:01,886	module:update_order_status	message:User:hoge@gmail.com Pair:btc_jpy Order ids: <QuerySet ['554965330', '554966406']> Message: ('Could not parse the remainder: \'["order_id"]\' from \'order_dict["order_id"]\'',)
[ERROR]	asctime:2019-02-03 21:08:01,887	module:update_order_status	message:User:hoge@gmail.com Pair:btc_jpy Order ids: <QuerySet ['554965330', '554966406']> Message: ('Could not parse the remainder: \'["order_id"]\' from \'order_dict["order_id"]\'',)
[INFO]	asctime:2019-02-03 21:08:01,901	module:update_order_status	message:completed
[INFO]	asctime:2019-02-03 21:09:01,771	module:update_order_status	message:started
[ERROR]	asctime:2019-02-03 21:09:02,585	module:update_order_status	message:User:hoge@gmail.com Pair:btc_jpy Order ids: <QuerySet ['554965330', '554966406']> Message: ('Could not parse the remainder: \'["order_id"]\' from \'order_dict["order_id"]\'',)
[ERROR]	asctime:2019-02-03 21:09:02,587	module:update_order_status	message:User:hoge@gmail.com Pair:btc_jpy Order ids: <QuerySet ['554965330', '554966406']> Message: ('Could not parse the remainder: \'["order_id"]\' from \'order_dict["order_id"]\'',)
[INFO]	asctime:2019-02-03 21:09:02,599	module:update_order_status	message:completed
[INFO]	asctime:2019-02-03 21:09:44,823	module:update_order_status	message:started
[ERROR]	asctime:2019-02-03 21:09:45,539	module:update_order_status	message:User:hoge@gmail.com Pair:btc_jpy Order ids: <QuerySet ['554965330', '554966406']> Message: ("name 'message' is not defined",)
[ERROR]	asctime:2019-02-03 21:09:45,541	module:update_order_status	message:User:hoge@gmail.com Pair:btc_jpy Order ids: <QuerySet ['554965330', '554966406']> Message: ("name 'message' is not defined",)
[INFO]	asctime:2019-02-03 21:09:45,563	module:update_order_status	message:completed
[INFO]	asctime:2019-02-03 21:10:01,373	module:update_order_status	message:started
[ERROR]	asctime:2019-02-03 21:10:02,243	module:update_order_status	message:User:hoge@gmail.com Pair:btc_jpy Order ids: <QuerySet ['554965330', '554966406']> Message: ("name 'message' is not defined",)
[ERROR]	asctime:2019-02-03 21:10:02,244	module:update_order_status	message:User:hoge@gmail.com Pair:btc_jpy Order ids: <QuerySet ['554965330', '554966406']> Message: ("name 'message' is not defined",)
[INFO]	asctime:2019-02-03 21:10:02,257	module:update_order_status	message:completed
[INFO]	asctime:2019-02-03 21:10:21,546	module:update_order_status	message:started
[INFO]	asctime:2019-02-03 21:10:26,777	module:update_order_status	message:notice sent to:ishikawasyuusaku@gmail.com
[INFO]	asctime:2019-02-03 21:10:30,119	module:update_order_status	message:notice sent to:ishikawasyuusaku@gmail.com
[INFO]	asctime:2019-02-03 21:10:30,152	module:update_order_status	message:completed
[INFO]	asctime:2019-02-03 21:11:01,499	module:update_order_status	message:started
[INFO]	asctime:2019-02-03 21:11:01,526	module:update_order_status	message:completed
[INFO]	asctime:2019-02-03 21:12:01,416	module:update_order_status	message:started
[INFO]	asctime:2019-02-03 21:12:01,448	module:update_order_status	message:completed
[INFO]	asctime:2019-02-03 21:13:01,269	module:update_order_status	message:started
[INFO]	asctime:2019-02-03 21:13:01,295	module:update_order_status	message:completed
[INFO]	asctime:2019-02-03 21:14:01,441	module:update_order_status	message:started
[INFO]	asctime:2019-02-03 21:14:01,469	module:update_order_status	message:completed
[INFO]	asctime:2019-02-03 21:15:01,374	module:update_order_status	message:started
[INFO]	asctime:2019-02-03 21:15:01,399	module:update_order_status	message:completed
[INFO]	asctime:2019-02-03 21:16:01,216	module:update_order_status	message:started
[INFO]	asctime:2019-02-03 21:16:01,241	module:update_order_status	message:completed
[INFO]	asctime:2019-02-03 21:17:00,998	module:update_order_status	message:started
[INFO]	asctime:2019-02-03 21:17:01,030	module:update_order_status	message:completed
[INFO]	asctime:2019-02-03 21:18:00,812	module:update_order_status	message:started
[INFO]	asctime:2019-02-03 21:18:00,838	module:update_order_status	message:completed
[INFO]	asctime:2019-02-03 21:19:01,638	module:update_order_status	message:started
[INFO]	asctime:2019-02-03 21:19:01,665	module:update_order_status	message:completed
[INFO]	asctime:2019-02-03 21:19:18,472	module:update_order_status	message:started
[INFO]	asctime:2019-02-03 21:19:18,494	module:update_order_status	message:completed
[INFO]	asctime:2019-02-03 21:20:03,000	module:update_order_status	message:started
[INFO]	asctime:2019-02-03 21:20:08,105	module:update_order_status	message:notice sent to:ishikawasyuusaku@gmail.com
[INFO]	asctime:2019-02-03 21:20:08,134	module:update_order_status	message:completed
[INFO]	asctime:2019-02-03 21:21:01,537	module:update_order_status	message:started
[INFO]	asctime:2019-02-03 21:21:01,597	module:update_order_status	message:completed
[INFO]	asctime:2019-02-03 21:22:01,508	module:update_order_status	message:started
[INFO]	asctime:2019-02-03 21:22:01,534	module:update_order_status	message:completed
[INFO]	asctime:2019-02-03 21:23:01,301	module:update_order_status	message:started
[INFO]	asctime:2019-02-03 21:23:01,327	module:update_order_status	message:completed
[INFO]	asctime:2019-02-03 21:24:02,682	module:update_order_status	message:started
[INFO]	asctime:2019-02-03 21:24:02,716	module:update_order_status	message:completed
[INFO]	asctime:2019-02-03 21:25:03,127	module:update_order_status	message:started
[INFO]	asctime:2019-02-03 21:25:03,155	module:update_order_status	message:completed
[INFO]	asctime:2019-02-03 21:26:01,034	module:update_order_status	message:started
[INFO]	asctime:2019-02-03 21:26:05,696	module:update_order_status	message:notice sent to:ishikawasyuusaku@gmail.com
[INFO]	asctime:2019-02-03 21:26:05,727	module:update_order_status	message:completed
[INFO]	asctime:2019-02-03 21:27:03,385	module:update_order_status	message:started
[INFO]	asctime:2019-02-03 21:27:03,414	module:update_order_status	message:completed
[INFO]	asctime:2019-02-03 21:28:01,288	module:update_order_status	message:started
[INFO]	asctime:2019-02-03 21:28:01,317	module:update_order_status	message:completed
[INFO]	asctime:2019-02-03 21:29:01,362	module:update_order_status	message:started
[INFO]	asctime:2019-02-03 21:29:01,387	module:update_order_status	message:completed
[INFO]	asctime:2019-02-03 21:30:01,172	module:update_order_status	message:started
[INFO]	asctime:2019-02-03 21:30:01,198	module:update_order_status	message:completed
[INFO]	asctime:2019-02-03 21:31:01,250	module:update_order_status	message:started
[INFO]	asctime:2019-02-03 21:31:01,275	module:update_order_status	message:completed
[INFO]	asctime:2019-02-03 21:32:01,003	module:update_order_status	message:started
[INFO]	asctime:2019-02-03 21:32:01,031	module:update_order_status	message:completed
[INFO]	asctime:2019-02-03 21:33:00,882	module:update_order_status	message:started
[INFO]	asctime:2019-02-03 21:33:00,923	module:update_order_status	message:completed
[INFO]	asctime:2019-02-03 21:33:45,065	module:stop_orders	message:started
[INFO]	asctime:2019-02-03 21:33:48,755	module:stop_orders	message:completed
[INFO]	asctime:2019-02-03 21:34:01,954	module:update_order_status	message:started
[INFO]	asctime:2019-02-03 21:34:01,954	module:stop_orders	message:started
[INFO]	asctime:2019-02-03 21:34:02,005	module:update_order_status	message:completed
[INFO]	asctime:2019-02-03 21:34:05,356	module:stop_orders	message:completed
[INFO]	asctime:2019-02-03 21:35:02,717	module:stop_orders	message:started
[INFO]	asctime:2019-02-03 21:35:02,717	module:update_order_status	message:started
[INFO]	asctime:2019-02-03 21:35:02,758	module:update_order_status	message:completed
[INFO]	asctime:2019-02-03 21:35:05,678	module:stop_orders	message:completed
[INFO]	asctime:2019-02-03 21:36:01,567	module:update_order_status	message:started
[INFO]	asctime:2019-02-03 21:36:01,571	module:stop_orders	message:started
[INFO]	asctime:2019-02-03 21:36:01,613	module:update_order_status	message:completed
[INFO]	asctime:2019-02-03 21:36:04,513	module:stop_orders	message:completed
[INFO]	asctime:2019-02-03 21:37:01,869	module:update_order_status	message:started
[INFO]	asctime:2019-02-03 21:37:01,871	module:stop_orders	message:started
[INFO]	asctime:2019-02-03 21:37:02,001	module:update_order_status	message:completed
[INFO]	asctime:2019-02-03 21:37:05,092	module:stop_orders	message:completed
[INFO]	asctime:2019-02-03 21:38:00,943	module:stop_orders	message:started
[INFO]	asctime:2019-02-03 21:38:00,944	module:update_order_status	message:started
[INFO]	asctime:2019-02-03 21:38:00,986	module:update_order_status	message:completed
[INFO]	asctime:2019-02-03 21:38:04,873	module:stop_orders	message:completed
[INFO]	asctime:2019-02-03 21:39:01,895	module:update_order_status	message:started
[INFO]	asctime:2019-02-03 21:39:01,909	module:stop_orders	message:started
[INFO]	asctime:2019-02-03 21:39:01,934	module:update_order_status	message:completed
[INFO]	asctime:2019-02-03 21:39:04,846	module:stop_orders	message:completed
[INFO]	asctime:2019-02-03 21:40:01,869	module:stop_orders	message:started
[INFO]	asctime:2019-02-03 21:40:01,874	module:update_order_status	message:started
[INFO]	asctime:2019-02-03 21:40:01,922	module:update_order_status	message:completed
[INFO]	asctime:2019-02-03 21:40:04,665	module:stop_orders	message:completed
[INFO]	asctime:2019-02-03 21:41:01,741	module:stop_orders	message:started
[INFO]	asctime:2019-02-03 21:41:01,741	module:update_order_status	message:started
[INFO]	asctime:2019-02-03 21:41:01,789	module:update_order_status	message:completed
[INFO]	asctime:2019-02-03 21:41:04,607	module:stop_orders	message:completed
[INFO]	asctime:2019-02-03 21:42:02,037	module:stop_orders	message:started
[INFO]	asctime:2019-02-03 21:42:02,039	module:update_order_status	message:started
[INFO]	asctime:2019-02-03 21:42:02,124	module:update_order_status	message:completed
[INFO]	asctime:2019-02-03 21:42:04,759	module:stop_orders	message:completed
[INFO]	asctime:2019-02-03 21:43:01,952	module:stop_orders	message:started
[INFO]	asctime:2019-02-03 21:43:01,962	module:update_order_status	message:started
[INFO]	asctime:2019-02-03 21:43:02,002	module:update_order_status	message:completed
[INFO]	asctime:2019-02-03 21:43:05,175	module:stop_orders	message:completed
[INFO]	asctime:2019-02-03 21:44:01,271	module:stop_orders	message:started
[INFO]	asctime:2019-02-03 21:44:01,271	module:update_order_status	message:started
[INFO]	asctime:2019-02-03 21:44:01,313	module:update_order_status	message:completed
[INFO]	asctime:2019-02-03 21:44:04,118	module:stop_orders	message:completed
[INFO]	asctime:2019-02-03 21:44:31,484	module:stop_orders	message:started
[INFO]	asctime:2019-02-03 21:44:34,402	module:stop_orders	message:completed
[INFO]	asctime:2019-02-03 21:45:01,063	module:stop_orders	message:started
[INFO]	asctime:2019-02-03 21:45:01,063	module:update_order_status	message:started
[INFO]	asctime:2019-02-03 21:45:01,105	module:update_order_status	message:completed
[INFO]	asctime:2019-02-03 21:45:04,034	module:stop_orders	message:completed
[INFO]	asctime:2019-02-03 21:46:01,447	module:update_order_status	message:started
[INFO]	asctime:2019-02-03 21:46:01,447	module:stop_orders	message:started
[INFO]	asctime:2019-02-03 21:46:01,490	module:update_order_status	message:completed
[INFO]	asctime:2019-02-03 21:46:04,454	module:stop_orders	message:completed
[INFO]	asctime:2019-02-03 21:47:01,559	module:stop_orders	message:started
[INFO]	asctime:2019-02-03 21:47:01,567	module:update_order_status	message:started
[INFO]	asctime:2019-02-03 21:47:01,606	module:update_order_status	message:completed
[INFO]	asctime:2019-02-03 21:47:04,407	module:stop_orders	message:completed
[INFO]	asctime:2019-02-03 21:48:01,535	module:update_order_status	message:started
[INFO]	asctime:2019-02-03 21:48:01,547	module:stop_orders	message:started
[INFO]	asctime:2019-02-03 21:48:01,574	module:update_order_status	message:completed
[INFO]	asctime:2019-02-03 21:48:05,411	module:stop_orders	message:completed
[INFO]	asctime:2019-02-03 21:49:01,266	module:update_order_status	message:started
[INFO]	asctime:2019-02-03 21:49:01,276	module:stop_orders	message:started
[INFO]	asctime:2019-02-03 21:49:01,312	module:update_order_status	message:completed
[INFO]	asctime:2019-02-03 21:49:04,179	module:stop_orders	message:completed
[INFO]	asctime:2019-02-03 21:50:01,028	module:stop_orders	message:started
[INFO]	asctime:2019-02-03 21:50:01,040	module:update_order_status	message:started
[INFO]	asctime:2019-02-03 21:50:01,087	module:update_order_status	message:completed
[INFO]	asctime:2019-02-03 21:50:04,614	module:stop_orders	message:completed
[INFO]	asctime:2019-02-03 21:51:01,473	module:stop_orders	message:started
[INFO]	asctime:2019-02-03 21:51:01,486	module:update_order_status	message:started
[INFO]	asctime:2019-02-03 21:51:01,526	module:update_order_status	message:completed
[INFO]	asctime:2019-02-03 21:51:04,957	module:stop_orders	message:completed
[INFO]	asctime:2019-02-03 21:52:00,779	module:stop_orders	message:started
[INFO]	asctime:2019-02-03 21:52:00,779	module:update_order_status	message:started
[INFO]	asctime:2019-02-03 21:52:00,820	module:update_order_status	message:completed
[INFO]	asctime:2019-02-03 21:52:05,425	module:stop_orders	message:completed
[INFO]	asctime:2019-02-03 21:53:01,330	module:stop_orders	message:started
[INFO]	asctime:2019-02-03 21:53:01,330	module:update_order_status	message:started
[INFO]	asctime:2019-02-03 21:53:04,119	module:stop_orders	message:completed
[INFO]	asctime:2019-02-03 21:53:06,392	module:update_order_status	message:notice sent to:ishikawasyuusaku@gmail.com
[INFO]	asctime:2019-02-03 21:53:06,453	module:update_order_status	message:completed
[INFO]	asctime:2019-02-03 21:54:01,463	module:update_order_status	message:started
[INFO]	asctime:2019-02-03 21:54:01,480	module:stop_orders	message:started
[INFO]	asctime:2019-02-03 21:54:01,520	module:update_order_status	message:completed
[INFO]	asctime:2019-02-03 21:54:04,898	module:stop_orders	message:completed
[INFO]	asctime:2019-02-03 21:55:01,741	module:update_order_status	message:started
[INFO]	asctime:2019-02-03 21:55:01,749	module:stop_orders	message:started
[INFO]	asctime:2019-02-03 21:55:01,789	module:update_order_status	message:completed
[INFO]	asctime:2019-02-03 21:55:05,002	module:stop_orders	message:completed
[INFO]	asctime:2019-02-03 21:56:01,177	module:stop_orders	message:started
[INFO]	asctime:2019-02-03 21:56:01,180	module:update_order_status	message:started
[INFO]	asctime:2019-02-03 21:56:01,265	module:update_order_status	message:completed
[INFO]	asctime:2019-02-03 21:56:04,667	module:stop_orders	message:completed
[INFO]	asctime:2019-02-03 21:57:01,657	module:update_order_status	message:started
[INFO]	asctime:2019-02-03 21:57:01,674	module:stop_orders	message:started
[INFO]	asctime:2019-02-03 21:57:01,696	module:update_order_status	message:completed
[INFO]	asctime:2019-02-03 21:57:05,018	module:stop_orders	message:completed
[INFO]	asctime:2019-02-03 21:58:00,861	module:stop_orders	message:started
[INFO]	asctime:2019-02-03 21:58:00,861	module:update_order_status	message:started
[INFO]	asctime:2019-02-03 21:58:00,903	module:update_order_status	message:completed
[INFO]	asctime:2019-02-03 21:58:04,054	module:stop_orders	message:completed
[INFO]	asctime:2019-02-03 21:59:01,203	module:update_order_status	message:started
[INFO]	asctime:2019-02-03 21:59:01,206	module:stop_orders	message:started
[INFO]	asctime:2019-02-03 21:59:01,243	module:update_order_status	message:completed
[INFO]	asctime:2019-02-03 21:59:04,581	module:stop_orders	message:completed
[INFO]	asctime:2019-02-03 22:00:01,826	module:update_order_status	message:started
[INFO]	asctime:2019-02-03 22:00:01,828	module:stop_orders	message:started
[INFO]	asctime:2019-02-03 22:00:01,868	module:update_order_status	message:completed
[INFO]	asctime:2019-02-03 22:00:04,957	module:stop_orders	message:completed
[INFO]	asctime:2019-02-03 22:01:00,775	module:update_order_status	message:started
[INFO]	asctime:2019-02-03 22:01:00,777	module:stop_orders	message:started
[INFO]	asctime:2019-02-03 22:01:00,819	module:update_order_status	message:completed
[INFO]	asctime:2019-02-03 22:01:04,240	module:stop_orders	message:completed
[INFO]	asctime:2019-02-03 22:02:01,520	module:stop_orders	message:started
[INFO]	asctime:2019-02-03 22:02:01,520	module:update_order_status	message:started
[INFO]	asctime:2019-02-03 22:02:01,562	module:update_order_status	message:completed
[INFO]	asctime:2019-02-03 22:02:04,990	module:stop_orders	message:completed
[INFO]	asctime:2019-02-03 22:03:00,996	module:stop_orders	message:started
[INFO]	asctime:2019-02-03 22:03:01,011	module:update_order_status	message:started
[INFO]	asctime:2019-02-03 22:03:01,052	module:update_order_status	message:completed
[INFO]	asctime:2019-02-03 22:03:04,114	module:stop_orders	message:completed
[INFO]	asctime:2019-02-03 22:04:01,216	module:stop_orders	message:started
[INFO]	asctime:2019-02-03 22:04:01,216	module:update_order_status	message:started
[INFO]	asctime:2019-02-03 22:04:01,274	module:update_order_status	message:completed
[INFO]	asctime:2019-02-03 22:04:04,468	module:stop_orders	message:completed
[INFO]	asctime:2019-02-03 22:05:01,718	module:stop_orders	message:started
[INFO]	asctime:2019-02-03 22:05:01,721	module:update_order_status	message:started
[INFO]	asctime:2019-02-03 22:05:01,760	module:update_order_status	message:completed
[INFO]	asctime:2019-02-03 22:05:04,258	module:stop_orders	message:completed
[INFO]	asctime:2019-02-03 22:06:01,682	module:update_order_status	message:started
[INFO]	asctime:2019-02-03 22:06:01,689	module:stop_orders	message:started
[INFO]	asctime:2019-02-03 22:06:01,750	module:update_order_status	message:completed
[INFO]	asctime:2019-02-03 22:06:04,917	module:stop_orders	message:completed
[INFO]	asctime:2019-02-03 22:07:01,830	module:stop_orders	message:started
[INFO]	asctime:2019-02-03 22:07:01,830	module:update_order_status	message:started
[INFO]	asctime:2019-02-03 22:07:01,871	module:update_order_status	message:completed
[INFO]	asctime:2019-02-03 22:07:05,948	module:stop_orders	message:completed
[INFO]	asctime:2019-02-03 22:08:01,126	module:update_order_status	message:started
[INFO]	asctime:2019-02-03 22:08:01,126	module:stop_orders	message:started
[INFO]	asctime:2019-02-03 22:08:01,168	module:update_order_status	message:completed
[INFO]	asctime:2019-02-03 22:08:03,720	module:stop_orders	message:completed
[INFO]	asctime:2019-02-03 22:09:01,908	module:update_order_status	message:started
[INFO]	asctime:2019-02-03 22:09:01,939	module:stop_orders	message:started
[INFO]	asctime:2019-02-03 22:09:01,939	module:update_order_status	message:completed
[INFO]	asctime:2019-02-03 22:09:06,075	module:stop_orders	message:completed
[INFO]	asctime:2019-02-03 22:10:01,240	module:update_order_status	message:started
[INFO]	asctime:2019-02-03 22:10:01,240	module:stop_orders	message:started
[INFO]	asctime:2019-02-03 22:10:01,285	module:update_order_status	message:completed
[INFO]	asctime:2019-02-03 22:10:04,042	module:stop_orders	message:completed
[INFO]	asctime:2019-02-03 22:11:01,178	module:stop_orders	message:started
[INFO]	asctime:2019-02-03 22:11:01,184	module:update_order_status	message:started
[INFO]	asctime:2019-02-03 22:11:01,234	module:update_order_status	message:completed
[INFO]	asctime:2019-02-03 22:11:03,829	module:stop_orders	message:completed
[INFO]	asctime:2019-02-03 22:12:01,804	module:stop_orders	message:started
[INFO]	asctime:2019-02-03 22:12:01,808	module:update_order_status	message:started
[INFO]	asctime:2019-02-03 22:12:01,850	module:update_order_status	message:completed
[INFO]	asctime:2019-02-03 22:12:04,388	module:stop_orders	message:completed
[INFO]	asctime:2019-02-03 22:13:01,350	module:stop_orders	message:started
[INFO]	asctime:2019-02-03 22:13:01,350	module:update_order_status	message:started
[INFO]	asctime:2019-02-03 22:13:01,390	module:update_order_status	message:completed
[INFO]	asctime:2019-02-03 22:13:04,982	module:stop_orders	message:completed
[INFO]	asctime:2019-02-03 22:14:00,890	module:update_order_status	message:started
[INFO]	asctime:2019-02-03 22:14:00,930	module:update_order_status	message:completed
[INFO]	asctime:2019-02-03 22:15:00,894	module:update_order_status	message:started
[INFO]	asctime:2019-02-03 22:15:00,935	module:update_order_status	message:completed
[INFO]	asctime:2019-02-03 22:16:00,761	module:update_order_status	message:started
[INFO]	asctime:2019-02-03 22:16:00,801	module:update_order_status	message:completed
[INFO]	asctime:2019-02-03 22:17:01,645	module:update_order_status	message:started
[INFO]	asctime:2019-02-03 22:17:01,685	module:update_order_status	message:completed
[INFO]	asctime:2019-02-03 22:18:01,545	module:update_order_status	message:started
[INFO]	asctime:2019-02-03 22:18:01,589	module:update_order_status	message:completed
[INFO]	asctime:2019-02-03 22:19:01,487	module:update_order_status	message:started
[INFO]	asctime:2019-02-03 22:19:01,543	module:update_order_status	message:completed
[INFO]	asctime:2019-02-03 22:20:01,440	module:update_order_status	message:started
[INFO]	asctime:2019-02-03 22:20:01,489	module:update_order_status	message:completed
[INFO]	asctime:2019-02-03 22:21:01,384	module:update_order_status	message:started
[INFO]	asctime:2019-02-03 22:21:01,430	module:update_order_status	message:completed
