[INFO]	asctime:2019-02-04 21:29:06,359	module:views	message:transaction start
[ERROR]	asctime:2019-02-04 21:29:06,727	module:views	message:('„Ç®„É©„Éº„Ç≥„Éº„Éâ: 40001 ÂÜÖÂÆπ: Ê≥®ÊñáÊï∞Èáè„Åå‰∏çÊ≠£„Åß„Åô',)
[INFO]	asctime:2019-02-04 22:01:03,208	module:views	message:transaction start
[ERROR]	asctime:2019-02-04 22:01:03,494	module:views	message:('„Ç®„É©„Éº„Ç≥„Éº„Éâ: 40001 ÂÜÖÂÆπ: Ê≥®ÊñáÊï∞Èáè„Åå‰∏çÊ≠£„Åß„Åô',)
[INFO]	asctime:2019-02-04 22:13:14,084	module:views	message:transaction start
[INFO]	asctime:2019-02-05 21:44:44,364	module:views	message:transaction start
[INFO]	asctime:2019-02-06 11:22:53,157	module:views	message:transaction start
[INFO]	asctime:2019-02-07 21:42:35,231	module:views	message:transaction start
[INFO]	asctime:2019-02-07 21:42:41,445	module:views	message:transaction start
[INFO]	asctime:2019-02-07 21:42:42,652	module:views	message:transaction start
[INFO]	asctime:2019-02-07 21:42:49,965	module:views	message:transaction start
[INFO]	asctime:2019-02-07 21:43:44,203	module:views	message:transaction start
[INFO]	asctime:2019-02-07 21:43:49,585	module:views	message:transaction start
[INFO]	asctime:2019-02-07 21:44:32,306	module:views	message:transaction start
[INFO]	asctime:2019-02-07 21:44:36,675	module:views	message:transaction start
[INFO]	asctime:2019-02-07 21:44:37,607	module:views	message:transaction start
[INFO]	asctime:2019-02-07 21:44:37,830	module:views	message:transaction start
[INFO]	asctime:2019-02-07 21:44:47,682	module:views	message:transaction start
[INFO]	asctime:2019-02-07 21:44:48,862	module:views	message:transaction start
[INFO]	asctime:2019-02-07 21:44:54,833	module:views	message:transaction start
[INFO]	asctime:2019-02-08 16:34:03,691	module:views	message:transaction start
[INFO]	asctime:2019-02-08 20:50:13,619	module:views	message:transaction start
[INFO]	asctime:2019-02-08 22:08:31,033	module:views	message:transaction start
[INFO]	asctime:2019-02-08 22:33:42,918	module:views	message:transaction start
[INFO]	asctime:2019-02-08 22:34:37,877	module:views	message:transaction start
[INFO]	asctime:2019-02-08 22:37:33,073	module:views	message:transaction start
[INFO]	asctime:2019-02-08 22:38:40,338	module:views	message:transaction start
[INFO]	asctime:2019-02-08 22:43:12,757	module:views	message:transaction start
[INFO]	asctime:2019-02-08 22:44:22,858	module:views	message:transaction start
[INFO]	asctime:2019-02-08 23:04:20,855	module:views	message:transaction start
[INFO]	asctime:2019-02-08 23:05:20,278	module:views	message:transaction start
[INFO]	asctime:2019-02-08 23:19:24,312	module:views	message:transaction start
[INFO]	asctime:2019-02-09 12:12:13,129	module:views	message:transaction start
[INFO]	asctime:2019-02-09 12:12:43,658	module:views	message:transaction start
[INFO]	asctime:2019-02-09 12:14:04,579	module:views	message:transaction start
[INFO]	asctime:2019-02-09 16:57:39,278	module:views	message:transaction start
[INFO]	asctime:2019-02-09 17:30:37,135	module:views	message:transaction start
[INFO]	asctime:2019-02-09 17:32:27,150	module:views	message:transaction start
[INFO]	asctime:2019-02-09 20:39:59,956	module:views	message:transaction start
[INFO]	asctime:2019-02-09 20:40:09,325	module:views	message:transaction start
[INFO]	asctime:2019-02-09 20:40:13,311	module:views	message:transaction start
[INFO]	asctime:2019-02-09 22:09:44,587	module:views	message:transaction start
[INFO]	asctime:2019-02-09 22:09:46,763	module:views	message:transaction start
[INFO]	asctime:2019-02-09 22:09:49,733	module:views	message:transaction start
[INFO]	asctime:2019-02-10 00:09:27,968	module:views	message:transaction start
[INFO]	asctime:2019-02-10 10:55:54,284	module:views	message:transaction start
[INFO]	asctime:2019-02-10 10:56:06,713	module:views	message:transaction start
[INFO]	asctime:2019-02-10 13:42:13,949	module:views	message:transaction start
[INFO]	asctime:2019-02-10 13:43:33,737	module:views	message:transaction start
[INFO]	asctime:2019-02-10 13:44:23,115	module:views	message:transaction start
[INFO]	asctime:2019-02-10 13:44:40,337	module:views	message:transaction start
[INFO]	asctime:2019-02-10 13:44:40,434	module:views	message:transaction start
[INFO]	asctime:2019-02-10 13:44:49,256	module:views	message:transaction start
[INFO]	asctime:2019-02-11 08:23:47,619	module:views	message:transaction start
[INFO]	asctime:2019-02-11 10:44:17,334	module:views	message:transaction start
[INFO]	asctime:2019-02-11 10:46:14,914	module:views	message:transaction start
[INFO]	asctime:2019-02-11 10:46:23,330	module:views	message:transaction start
[INFO]	asctime:2019-02-12 22:03:27,932	module:views	message:transaction start
[INFO]	asctime:2019-02-12 22:49:57,734	module:views	message:transaction start
[INFO]	asctime:2019-02-12 22:50:38,497	module:views	message:transaction start
[INFO]	asctime:2019-02-12 22:50:51,951	module:views	message:transaction start
[INFO]	asctime:2019-02-12 22:50:57,487	module:views	message:transaction start
[INFO]	asctime:2019-02-12 22:51:03,565	module:views	message:transaction start
[INFO]	asctime:2019-02-12 22:51:08,642	module:views	message:transaction start
[INFO]	asctime:2019-02-12 22:51:44,747	module:views	message:transaction start
[INFO]	asctime:2019-02-12 22:54:09,770	module:views	message:transaction start
[INFO]	asctime:2019-02-12 22:57:41,007	module:views	message:transaction start
[INFO]	asctime:2019-02-12 23:01:31,309	module:views	message:transaction start
[INFO]	asctime:2019-02-12 23:02:17,316	module:views	message:transaction start
[INFO]	asctime:2019-02-12 23:03:01,798	module:views	message:transaction start
[INFO]	asctime:2019-02-12 23:05:38,714	module:views	message:transaction start
[INFO]	asctime:2019-02-12 23:06:47,973	module:views	message:transaction start
[ERROR]	asctime:2019-02-12 23:06:47,976	module:views	message:("'AnonymousUser' object has no attribute 'api_key'",)
[INFO]	asctime:2019-02-12 23:09:12,841	module:views	message:transaction start
[INFO]	asctime:2019-02-12 23:09:24,698	module:views	message:transaction start
[INFO]	asctime:2019-02-12 23:10:13,113	module:views	message:transaction start
[INFO]	asctime:2019-02-12 23:10:45,388	module:views	message:transaction start
[INFO]	asctime:2019-02-12 23:10:47,691	module:views	message:transaction start
[INFO]	asctime:2019-02-12 23:10:48,353	module:views	message:transaction start
[INFO]	asctime:2019-02-12 23:10:48,774	module:views	message:transaction start
[INFO]	asctime:2019-02-12 23:10:49,174	module:views	message:transaction start
[INFO]	asctime:2019-02-12 23:10:52,169	module:views	message:transaction start
[INFO]	asctime:2019-02-12 23:11:14,052	module:views	message:transaction start
[INFO]	asctime:2019-02-12 23:11:45,278	module:views	message:transaction start
[INFO]	asctime:2019-02-12 23:11:50,815	module:views	message:transaction start
[INFO]	asctime:2019-02-12 23:11:52,684	module:views	message:transaction start
[INFO]	asctime:2019-02-12 23:11:53,432	module:views	message:transaction start
[INFO]	asctime:2019-02-12 23:15:30,294	module:views	message:transaction start
[INFO]	asctime:2019-02-12 23:15:41,438	module:views	message:transaction start
[INFO]	asctime:2019-02-12 23:16:09,174	module:views	message:transaction start
[INFO]	asctime:2019-02-12 23:16:47,247	module:views	message:transaction start
[INFO]	asctime:2019-02-13 07:55:12,212	module:views	message:transaction start
[INFO]	asctime:2019-02-13 07:55:16,017	module:views	message:transaction start
[INFO]	asctime:2019-02-13 07:55:17,429	module:views	message:transaction start
[INFO]	asctime:2019-02-13 07:55:18,085	module:views	message:transaction start
[INFO]	asctime:2019-02-13 07:55:24,213	module:views	message:transaction start
[INFO]	asctime:2019-02-13 07:55:24,678	module:views	message:transaction start
[INFO]	asctime:2019-02-13 07:55:25,037	module:views	message:transaction start
[INFO]	asctime:2019-02-13 07:55:25,334	module:views	message:transaction start
[INFO]	asctime:2019-02-13 07:55:25,561	module:views	message:transaction start
[INFO]	asctime:2019-02-13 07:55:25,767	module:views	message:transaction start
[INFO]	asctime:2019-02-13 07:55:25,944	module:views	message:transaction start
[INFO]	asctime:2019-02-13 07:55:26,092	module:views	message:transaction start
[INFO]	asctime:2019-02-13 07:55:47,349	module:views	message:transaction start
[INFO]	asctime:2019-02-13 07:55:48,827	module:views	message:transaction start
[INFO]	asctime:2019-02-13 07:55:49,569	module:views	message:transaction start
[INFO]	asctime:2019-02-13 07:55:50,023	module:views	message:transaction start
[INFO]	asctime:2019-02-13 07:55:50,244	module:views	message:transaction start
[INFO]	asctime:2019-02-13 07:55:50,407	module:views	message:transaction start
[INFO]	asctime:2019-02-13 07:55:50,554	module:views	message:transaction start
[INFO]	asctime:2019-02-13 07:55:50,700	module:views	message:transaction start
[INFO]	asctime:2019-02-13 07:55:50,847	module:views	message:transaction start
[INFO]	asctime:2019-02-13 07:55:50,997	module:views	message:transaction start
[INFO]	asctime:2019-02-13 07:55:51,165	module:views	message:transaction start
[INFO]	asctime:2019-02-13 07:55:51,338	module:views	message:transaction start
[INFO]	asctime:2019-02-13 07:55:51,510	module:views	message:transaction start
[INFO]	asctime:2019-02-13 07:55:51,674	module:views	message:transaction start
[INFO]	asctime:2019-02-13 07:55:51,871	module:views	message:transaction start
[INFO]	asctime:2019-02-13 08:01:49,567	module:views	message:transaction start
[ERROR]	asctime:2019-02-13 08:01:49,572	module:views	message:("'AnonymousUser' object has no attribute 'api_key'",)
[INFO]	asctime:2019-02-13 08:02:10,700	module:views	message:transaction start
[INFO]	asctime:2019-02-13 08:02:23,747	module:views	message:transaction start
[INFO]	asctime:2019-02-13 08:23:20,968	module:views	message:transaction start
[INFO]	asctime:2019-02-13 11:01:56,872	module:views	message:transaction start
[INFO]	asctime:2019-02-13 11:12:07,250	module:views	message:transaction start
[ERROR]	asctime:2019-02-13 11:12:07,535	module:views	message:('ÉGÉâÅ[ÉRÅ[Éh: 60005 ì‡óe: éwíËÇµÇΩâøäiÇ™è„å¿Çè„âÒÇ¡ÇƒÇ¢Ç‹Ç∑',)
[INFO]	asctime:2019-02-17 10:49:10,008	module:views	message:<QueryDict: {}>
[INFO]	asctime:2019-02-17 10:49:45,626	module:views	message:<QueryDict: {'------WebKitFormBoundaryyst3hSTC6TUyPpf6\r\nContent-Disposition: form-data': [''], ' name': ['"inquiry"\r\n\r\n[object Object]\r\n------WebKitFormBoundaryyst3hSTC6TUyPpf6--\r\n']}>
[INFO]	asctime:2019-02-17 10:53:28,751	module:views	message:<QueryDict: {'------WebKitFormBoundary4FCypUY953M3nVpQ\r\nContent-Disposition: form-data': [''], ' name': ['"name"\r\n\r\nshuskau.i\r\n------WebKitFormBoundary4FCypUY953M3nVpQ\r\nContent-Disposition: form-data', '"email"\r\n\r\nishikawasyuusaku@gmail.com\r\n------WebKitFormBoundary4FCypUY953M3nVpQ\r\nContent-Disposition: form-data', '"subject"\r\n\r\n\r\n------WebKitFormBoundary4FCypUY953M3nVpQ\r\nContent-Disposition: form-data', '"body"\r\n\r\n\r\n------WebKitFormBoundary4FCypUY953M3nVpQ--\r\n']}>
[INFO]	asctime:2019-02-17 10:55:12,316	module:views	message:<QueryDict: {'------WebKitFormBoundaryBQE7RRBivOFcBQpl\r\nContent-Disposition: form-data': [''], ' name': ['"name"\r\n\r\nshuskau.i\r\n------WebKitFormBoundaryBQE7RRBivOFcBQpl\r\nContent-Disposition: form-data', '"email"\r\n\r\nishikawasyuusaku@gmail.com\r\n------WebKitFormBoundaryBQE7RRBivOFcBQpl\r\nContent-Disposition: form-data', '"subject"\r\n\r\n\r\n------WebKitFormBoundaryBQE7RRBivOFcBQpl\r\nContent-Disposition: form-data', '"body"\r\n\r\n\r\n------WebKitFormBoundaryBQE7RRBivOFcBQpl--\r\n']}>
[INFO]	asctime:2019-02-17 10:55:59,269	module:views	message:<QueryDict: {'------WebKitFormBoundaryqaBGiIhvVujkBYcB\r\nContent-Disposition: form-data': [''], ' name': ['"name"\r\n\r\nshuskau.i\r\n------WebKitFormBoundaryqaBGiIhvVujkBYcB\r\nContent-Disposition: form-data', '"email"\r\n\r\nid\r\n------WebKitFormBoundaryqaBGiIhvVujkBYcB\r\nContent-Disposition: form-data', '"subject"\r\n\r\n\r\n------WebKitFormBoundaryqaBGiIhvVujkBYcB\r\nContent-Disposition: form-data', '"body"\r\n\r\n\r\n------WebKitFormBoundaryqaBGiIhvVujkBYcB--\r\n']}>
[INFO]	asctime:2019-02-17 12:14:29,769	module:views	message:<QueryDict: {'------WebKitFormBoundaryTR5rkFVU0BSh3fQ7\r\nContent-Disposition: form-data': [''], ' name': ['"name"\r\n\r\nshuskau.i\r\n------WebKitFormBoundaryTR5rkFVU0BSh3fQ7\r\nContent-Disposition: form-data', '"email"\r\n\r\nishikawasyuusaku@gmail.com\r\n------WebKitFormBoundaryTR5rkFVU0BSh3fQ7\r\nContent-Disposition: form-data', '"subject"\r\n\r\ntest\r\n------WebKitFormBoundaryTR5rkFVU0BSh3fQ7\r\nContent-Disposition: form-data', '"body"\r\n\r\n„ÅÇ„ÅÆ„Éº\n„Åô„Åø„Åæ„Åõ„Çì„ÄÇ\r\n------WebKitFormBoundaryTR5rkFVU0BSh3fQ7--\r\n']}>
[INFO]	asctime:2019-02-17 12:17:12,795	module:views	message:<QueryDict: {'------WebKitFormBoundaryXUiXxnhaPbuCbtmG\r\nContent-Disposition: form-data': [''], ' name': ['"name"\r\n\r\nshuskau.i\r\n------WebKitFormBoundaryXUiXxnhaPbuCbtmG\r\nContent-Disposition: form-data', '"email"\r\n\r\nishikawasyuusaku@gmail.com\r\n------WebKitFormBoundaryXUiXxnhaPbuCbtmG\r\nContent-Disposition: form-data', '"subject"\r\n\r\net\r\n------WebKitFormBoundaryXUiXxnhaPbuCbtmG\r\nContent-Disposition: form-data', '"body"\r\n\r\nssss\n\nge\r\n------WebKitFormBoundaryXUiXxnhaPbuCbtmG--\r\n']}>
[INFO]	asctime:2019-02-17 12:18:01,103	module:views	message:<QueryDict: {'------WebKitFormBoundarytVjEVjTaiTyRZllw\r\nContent-Disposition: form-data': [''], ' name': ['"name"\r\n\r\nshuskau.i\r\n------WebKitFormBoundarytVjEVjTaiTyRZllw\r\nContent-Disposition: form-data', '"email"\r\n\r\nishikawasyuusaku@gmail.com\r\n------WebKitFormBoundarytVjEVjTaiTyRZllw\r\nContent-Disposition: form-data', '"subject"\r\n\r\nwrww\r\n------WebKitFormBoundarytVjEVjTaiTyRZllw\r\nContent-Disposition: form-data', '"body"\r\n\r\nrwr\r\n------WebKitFormBoundarytVjEVjTaiTyRZllw--\r\n']}>
[INFO]	asctime:2019-02-17 12:18:01,103	module:views	message:None,None,None,None
[INFO]	asctime:2019-02-17 12:22:35,972	module:views	message:None
[INFO]	asctime:2019-02-17 12:22:35,973	module:views	message:None,None,None,None
[INFO]	asctime:2019-02-17 12:23:10,874	module:views	message:<QueryDict: {'------WebKitFormBoundaryUMglTMdHFoqVqOtr\r\nContent-Disposition: form-data': [''], ' name': ['"name"\r\n\r\nshuskau.i\r\n------WebKitFormBoundaryUMglTMdHFoqVqOtr\r\nContent-Disposition: form-data', '"email"\r\n\r\nishikawasyuusaku@gmail.com\r\n------WebKitFormBoundaryUMglTMdHFoqVqOtr\r\nContent-Disposition: form-data', '"subject"\r\n\r\n\r\n------WebKitFormBoundaryUMglTMdHFoqVqOtr\r\nContent-Disposition: form-data', '"body"\r\n\r\n\r\n------WebKitFormBoundaryUMglTMdHFoqVqOtr--\r\n']}>
[INFO]	asctime:2019-02-17 12:23:10,874	module:views	message:None,None,None,None
[INFO]	asctime:2019-02-17 12:23:52,990	module:views	message:<QueryDict: {'------WebKitFormBoundaryIq9XBKPTb9iEZvzr\r\nContent-Disposition: form-data': [''], ' name': ['"name"\r\n\r\nshuskau.i\r\n------WebKitFormBoundaryIq9XBKPTb9iEZvzr--\r\n']}>
[INFO]	asctime:2019-02-17 12:23:52,991	module:views	message:None,None,None,None
[INFO]	asctime:2019-02-17 12:28:42,310	module:views	message:<QueryDict: {'------WebKitFormBoundarypT9LE1BV7aTnBHsL\r\nContent-Disposition: form-data': [''], ' name': ['"name"\r\n\r\nshuskau.i\r\n------WebKitFormBoundarypT9LE1BV7aTnBHsL--\r\n']}>
[INFO]	asctime:2019-02-17 12:28:42,311	module:views	message:None,None,None,None
[INFO]	asctime:2019-02-17 12:38:02,839	module:views	message:<QueryDict: {'[object Object]': ['']}>
[INFO]	asctime:2019-02-17 12:38:02,839	module:views	message:None,None,None,None
[INFO]	asctime:2019-02-17 12:38:25,984	module:views	message:<QueryDict: {'[object Object]': ['']}>
[INFO]	asctime:2019-02-17 12:38:25,984	module:views	message:None,None,None,None
[INFO]	asctime:2019-02-17 12:43:32,598	module:views	message:<QueryDict: {'------WebKitFormBoundaryA6LkfVZOclNvUuOY\r\nContent-Disposition: form-data': [''], ' name': ['"data"\r\n\r\n{"name":"shuskau.i","email":"ishikawasyuusaku@gmail.com","subject":"2323","body":"3232"}\r\n------WebKitFormBoundaryA6LkfVZOclNvUuOY--\r\n']}>
[INFO]	asctime:2019-02-17 12:43:32,599	module:views	message:None,None,None,None
[INFO]	asctime:2019-02-17 12:44:00,962	module:views	message:<QueryDict: {'------WebKitFormBoundaryAESeqG4Sg9dhwKh2\r\nContent-Disposition: form-data': [''], ' name': ['"data"\r\n\r\n{"name":"shuskau.i","email":"ishikawasyuusaku@gmail.com","subject":"gegegeg","body":"egege"}\r\n------WebKitFormBoundaryAESeqG4Sg9dhwKh2--\r\n']}>
[INFO]	asctime:2019-02-17 12:44:00,963	module:views	message:None,None,None,None
[INFO]	asctime:2019-02-17 12:45:42,932	module:views	message:<QueryDict: {'------WebKitFormBoundaryE3rA1Ayyc4pbQN3E\r\nContent-Disposition: form-data': [''], ' name': ['"data"\r\n\r\n{"name":"shuskau.i","email":"ishikawasyuusaku@gmail.com","subject":"www","body":"fwfw"}\r\n------WebKitFormBoundaryE3rA1Ayyc4pbQN3E--\r\n']}>
[INFO]	asctime:2019-02-17 12:56:56,758	module:views	message:<QueryDict: {'------WebKitFormBoundaryY1ensKKK5zyO9Sg8\r\nContent-Disposition: form-data': [''], ' name': ['"data"\r\n\r\n{"name":"shuskau.i","email":"ishikawasyuusaku@gmail.com","subject":"wfw","body":"fwfw"}\r\n------WebKitFormBoundaryY1ensKKK5zyO9Sg8--\r\n']}>
[INFO]	asctime:2019-02-17 15:40:35,434	module:views	message:<MultiValueDict: {}>
[INFO]	asctime:2019-02-17 15:41:06,869	module:views	message:<MultiValueDict: {}>
[INFO]	asctime:2019-02-17 15:52:03,794	module:views	message:<MultiValueDict: {}>
[INFO]	asctime:2019-02-17 15:52:36,859	module:views	message:<MultiValueDict: {}>
[INFO]	asctime:2019-02-17 15:53:51,966	module:views	message:[]
[INFO]	asctime:2019-02-18 20:49:25,642	module:views	message:transaction start
[INFO]	asctime:2019-02-18 20:51:34,693	module:views	message:transaction start
[INFO]	asctime:2019-02-18 20:51:55,397	module:views	message:transaction start
[INFO]	asctime:2019-02-18 20:51:56,746	module:views	message:transaction start
[INFO]	asctime:2019-02-18 20:52:14,631	module:views	message:transaction start
[INFO]	asctime:2019-02-18 20:53:40,101	module:views	message:transaction start
[INFO]	asctime:2019-02-18 20:53:41,192	module:views	message:transaction start
[INFO]	asctime:2019-02-18 20:53:56,532	module:views	message:transaction start
[INFO]	asctime:2019-02-21 23:42:54,861	module:views	message:transaction start
